2025-04-19 11:14:14,678 [INFO] 
===== Processing date: 20240401 =====
2025-04-19 11:14:14,678 [INFO] Downloading: WEBPXTICK_DT-20240401.zip
2025-04-19 11:14:14,962 [INFO] Saved to downloads\WEBPXTICK_DT-20240401.zip
2025-04-19 11:14:14,966 [INFO] Downloading: TC_20240401.txt
2025-04-19 11:14:16,234 [INFO] Saved to downloads\TC_20240401.txt
2025-04-19 11:14:16,234 [INFO] Downloading: TickData_structure.dat
2025-04-19 11:14:16,594 [INFO] Saved to downloads\TickData_structure.dat
2025-04-19 11:14:16,598 [INFO] Downloading: TC_structure.dat
2025-04-19 11:14:16,767 [INFO] Saved to downloads\TC_structure.dat
2025-04-19 11:14:16,767 [INFO] 
===== Processing date: 20240402 =====
2025-04-19 11:14:16,767 [INFO] Downloading: WEBPXTICK_DT-20240402.zip
2025-04-19 11:14:17,005 [INFO] Saved to downloads\WEBPXTICK_DT-20240402.zip
2025-04-19 11:14:17,007 [INFO] Downloading: TC_20240402.txt
2025-04-19 11:14:17,509 [INFO] Saved to downloads\TC_20240402.txt
2025-04-19 11:14:17,509 [INFO] Downloading: TickData_structure.dat
2025-04-19 11:14:17,748 [INFO] Saved to downloads\TickData_structure.dat
2025-04-19 11:14:17,750 [INFO] Downloading: TC_structure.dat
2025-04-19 11:14:17,903 [INFO] Saved to downloads\TC_structure.dat
2025-04-19 11:14:17,912 [INFO] 
===== Processing date: 20240403 =====
2025-04-19 11:14:17,912 [INFO] Downloading: WEBPXTICK_DT-20240403.zip
2025-04-19 11:14:18,268 [INFO] Saved to downloads\WEBPXTICK_DT-20240403.zip
2025-04-19 11:14:18,268 [INFO] Downloading: TC_20240403.txt
2025-04-19 11:14:18,658 [INFO] Saved to downloads\TC_20240403.txt
2025-04-19 11:14:18,664 [INFO] Downloading: TickData_structure.dat
2025-04-19 11:14:18,875 [INFO] Saved to downloads\TickData_structure.dat
2025-04-19 11:14:18,875 [INFO] Downloading: TC_structure.dat
2025-04-19 11:14:19,022 [INFO] Saved to downloads\TC_structure.dat
2025-04-19 11:14:19,030 [INFO] 
===== Processing date: 20240404 =====
2025-04-19 11:14:19,031 [INFO] Downloading: WEBPXTICK_DT-20240404.zip
2025-04-19 11:14:19,304 [INFO] Saved to downloads\WEBPXTICK_DT-20240404.zip
2025-04-19 11:14:19,313 [INFO] Downloading: TC_20240404.txt
2025-04-19 11:14:19,972 [INFO] Saved to downloads\TC_20240404.txt
2025-04-19 11:14:19,972 [INFO] Downloading: TickData_structure.dat
2025-04-19 11:14:20,218 [INFO] Saved to downloads\TickData_structure.dat
2025-04-19 11:14:20,218 [INFO] Downloading: TC_structure.dat
2025-04-19 11:14:20,360 [INFO] Saved to downloads\TC_structure.dat
2025-04-19 11:14:20,363 [INFO] 
===== Processing date: 20240405 =====
2025-04-19 11:14:20,363 [INFO] Downloading: WEBPXTICK_DT-20240405.zip
2025-04-19 11:14:20,582 [INFO] Saved to downloads\WEBPXTICK_DT-20240405.zip
2025-04-19 11:14:20,582 [INFO] Downloading: TC_20240405.txt
2025-04-19 11:14:21,013 [INFO] Saved to downloads\TC_20240405.txt
2025-04-19 11:14:21,013 [INFO] Downloading: TickData_structure.dat
2025-04-19 11:14:21,240 [INFO] Saved to downloads\TickData_structure.dat
2025-04-19 11:14:21,240 [INFO] Downloading: TC_structure.dat
2025-04-19 11:14:21,436 [INFO] Saved to downloads\TC_structure.dat
